<?xml version="1.0" encoding="UTF-8"?>
<testng-results ignored="0" total="2" passed="2" failed="0" skipped="0">
  <reporter-output>
  </reporter-output>
  <suite started-at="2021-12-30T17:43:11 IST" name="Default suite" finished-at="2021-12-30T17:43:19 IST" duration-ms="7999">
    <groups>
      <group name="regressionsuite">
        <method signature="CreateDummyTest.execute()[pri:0, instance:com.crm.dummy.CreateDummyTest@4e096385]" name="execute" class="com.crm.dummy.CreateDummyTest"/>
      </group> <!-- regressionsuite -->
    </groups>
    <test started-at="2021-12-30T17:43:11 IST" name="Default test" finished-at="2021-12-30T17:43:19 IST" duration-ms="7999">
      <class name="com.crm.dummy.CreateDummyTest">
        <test-method signature="demo()[pri:0, instance:com.crm.dummy.CreateDummyTest@4e096385]" started-at="2021-12-30T17:43:11 IST" name="demo" finished-at="2021-12-30T17:43:19 IST" duration-ms="7919" status="PASS">
          <reporter-output>
          </reporter-output>
        </test-method> <!-- demo -->
        <test-method signature="execute()[pri:0, instance:com.crm.dummy.CreateDummyTest@4e096385]" started-at="2021-12-30T17:43:19 IST" name="execute" finished-at="2021-12-30T17:43:19 IST" duration-ms="5" status="PASS">
          <reporter-output>
          </reporter-output>
        </test-method> <!-- execute -->
      </class> <!-- com.crm.dummy.CreateDummyTest -->
    </test> <!-- Default test -->
  </suite> <!-- Default suite -->
</testng-results>
